[ 9-27-2022 16:10:43:846]- LOG(15D4): PRODUCTInst--
[ 9-27-2022 16:10:43:846]- LOG(15D4): InitProperties - retrieve props from file 'C:\Users\elang\AppData\Local\Temp\7zS020E\properties.ini'
[ 9-27-2022 16:10:43:846]- LOG(15D4): Installer version: 1.0.5.3
[ 9-27-2022 16:10:43:846]- LOG(15D4):  --- Language IDs ---
[ 9-27-2022 16:10:43:846]- LOG(15D4):   User Default UI Language =   1033,   0x409
[ 9-27-2022 16:10:43:846]- LOG(15D4):   System Default UI Language = 1033,   0x409
[ 9-27-2022 16:10:43:846]- LOG(15D4):   User Default Language ID =   16393,   0x4009
[ 9-27-2022 16:10:43:846]- LOG(15D4):   System Default Language ID = 1033,   0x409
[ 9-27-2022 16:10:43:846]- LOG(15D4):   Language ID To Be Used =     1033,   0x409
[ 9-27-2022 16:10:43:846]- LOG(15D4): Is64BitWindows()
[ 9-27-2022 16:10:43:846]- LOG(15D4): Compiled as 64bit app so must be on 64 bit Windows.
[ 9-27-2022 16:10:43:846]- LOG(15D4): OS is 64 bit
[ 9-27-2022 16:10:43:846]- LOG(15D4): cmdline 'PRODUCTI'
[ 9-27-2022 16:10:43:846]- LOG(15D4): -\/\/\/- Properties -\/\/\/-
[ 9-27-2022 16:10:43:846]- LOG(15D4): PRINT_INFNAME = HPLJ1020.INF
[ 9-27-2022 16:10:43:846]- LOG(15D4): PRINT_VERNAME = SUHP1020.VER
[ 9-27-2022 16:10:43:846]- LOG(15D4): SHORT_PRINTER_NAME = HP LaserJet 1020 driver
[ 9-27-2022 16:10:43:846]- LOG(15D4): PRINTER_SERIES_NAME = HP LaserJet 1020 Series
[ 9-27-2022 16:10:43:846]- LOG(15D4): PRODUCT_VIDPID = vid_03f0&pid_2b17,vid_03f0&pid_2c17,vid_03f0&pid_2d17,vid_03f0&pid_3017,vid_03f0&pid_4117
[ 9-27-2022 16:10:43:846]- LOG(15D4): REG_INSTALLKEY = HP LaserJet 1020 Series
[ 9-27-2022 16:10:43:846]- LOG(15D4): ISRUNNING_MUTEX_NAME = HPLaserJet1020InstallExists
[ 9-27-2022 16:10:43:846]- LOG(15D4): INSTALL_DIRECTORY = HP LaserJet 1020 driver
[ 9-27-2022 16:10:43:846]- LOG(15D4): -/\/\/\- Properties -/\/\/\-
[ 9-27-2022 16:10:43:846]- LOG(15D4): PRODUCT Installer ---------------------------------------------------
[ 9-27-2022 16:10:43:846]- LOG(15D4): InstallSequencer()
[ 9-27-2022 16:10:43:846]- LOG(15D4): InstallSequencer() step = 0
[ 9-27-2022 16:10:43:846]- LOG(15D4): InstallSequencer() step = 1
[ 9-27-2022 16:10:43:846]- LOG(15D4): --- InitializeStep ---
[ 9-27-2022 16:10:43:846]- LOG(15D4): GetLandDir - English
[ 9-27-2022 16:10:43:846]- LOG(15D4):   print inf:C:\Users\elang\AppData\Local\Temp\7zS020E\HPLJ1020.INF
[ 9-27-2022 16:10:43:846]- LOG(15D4):   printer verion file: C:\Users\elang\AppData\Local\Temp\7zS020E\SUHP1020.VER
[ 9-27-2022 16:10:43:846]- LOG(15D4):   printer series name: HP LaserJet 1020 Series
[ 9-27-2022 16:10:43:862]- LOG(15D4): GetPrinternamesFromINF()
[ 9-27-2022 16:10:43:862]- LOG(15D4): InstallSequencer() step = 3
[ 9-27-2022 16:10:43:862]- LOG(15D4): --- LicenseStep --- 
[ 9-27-2022 16:10:43:862]- LOG(15D4):  License file: 'C:\Users\elang\AppData\Local\Temp\7zS020E\\license.txt'
[ 9-27-2022 16:10:43:862]- LOG(15D4): IDLCDialog::OnInitDialog() m_positionOnBottom=0, m_topmost=1, m_followPosition=0
[ 9-27-2022 16:10:43:878]- LOG(15D4): IDLCGenericTextDlg::OnInitDialog 
[ 9-27-2022 16:10:43:878]- LOG(15D4): Strings(): stringsDllPath: C:\Users\elang\AppData\Local\Temp\7zS020E\strings.dll
[ 9-27-2022 16:10:43:878]- LOG(15D4): IDLCGenericTextDlg::OnInitDialog -- load text from file 'C:\Users\elang\AppData\Local\Temp\7zS020E\\license.txt'
[ 9-27-2022 16:10:43:878]- LOG(15D4): Text is plain
[ 9-27-2022 16:10:47:574]- LOG(15D4):  -[ IDLCGenericTextDlg BUTTON 1 pressed ]-
[ 9-27-2022 16:10:47:589]- LOG(15D4): StartProgressDialog()  g_progressDlgRunning = 0
[ 9-27-2022 16:10:47:589]- LOG(15D4): StartProgressDialog()  Starting progress dialog thread ...
[ 9-27-2022 16:10:47:589]- LOG(15D4): Checking thread dialog handle 0
[ 9-27-2022 16:10:47:591]- LOG(32C4): IDLCProgressDlg::OnInitDialog()
[ 9-27-2022 16:10:47:591]- LOG(32C4): IDLCProgressDlg::DoDataExchange
[ 9-27-2022 16:10:47:591]- LOG(32C4): IDLCDialog::OnInitDialog() m_positionOnBottom=0, m_topmost=1, m_followPosition=0
[ 9-27-2022 16:10:47:700]- LOG(15D4): Checking thread dialog handle 0x9054e
[ 9-27-2022 16:10:48:203]- LOG(15D4): InstallSequencer() step = 5
[ 9-27-2022 16:10:48:203]- LOG(15D4): --- MsiInstallStep --- 
[ 9-27-2022 16:10:48:203]- LOG(15D4): Installing 1 Core MSIs --
[ 9-27-2022 16:10:48:203]- LOG(15D4): ==================== INSTALL MSI ========================
[ 9-27-2022 16:10:48:203]- LOG(15D4): CMsi::Install(C:\Users\elang\AppData\Local\Temp\7zS020E\\, )
[ 9-27-2022 16:10:48:203]- LOG(15D4): CMsi::_Install(C:\Users\elang\AppData\Local\Temp\7zS020E\\,  REBOOT=ReallySuppress  ADDCLID=1033 )
[ 9-27-2022 16:10:48:203]- LOG(15D4): ===>>> ERROR (gle=110, 0x6e):  Msg: The system cannot open the device or file specified.
  Context: CMsi::GetPropertyFromMsi MsiOpenDatabase
[ 9-27-2022 16:10:48:203]- LOG(15D4): CMsi::GetPropertyFromMsi failed. Setting  to UNKNOWN
[ 9-27-2022 16:10:48:203]- LOG(15D4): ===>>> ERROR (gle=110, 0x6e):  Msg: The system cannot open the device or file specified.
  Context: CMsi::GetPropertyFromMsi MsiOpenDatabase
[ 9-27-2022 16:10:48:203]- LOG(15D4): CMsi::GetPropertyFromMsi failed. Setting  to UNKNOWN
[ 9-27-2022 16:10:48:203]- LOG(15D4): ===>>> ERROR (gle=110, 0x6e):  Msg: The system cannot open the device or file specified.
  Context: CMsi::GetPropertyFromMsi MsiOpenDatabase
[ 9-27-2022 16:10:48:203]- LOG(15D4): CMsi::GetPropertyFromMsi failed. Setting  to UNKNOWN
[ 9-27-2022 16:10:48:203]- LOG(15D4):   Msi ProductCode = UNKNOWN
[ 9-27-2022 16:10:48:203]- LOG(15D4):   Msi UpgradeCode = UNKNOWN
[ 9-27-2022 16:10:48:203]- LOG(15D4):   Msi ProductVersion = UNKNOWN
[ 9-27-2022 16:10:48:244]- LOG(15D4):   --- FAILED install C:\Users\elang\AppData\Local\Temp\7zS020E\\
[ 9-27-2022 16:10:48:251]- LOG(15D4): ===>>> ERROR (gle=3, 0x3):  Msg: The system cannot find the path specified.
  Context: Failed Core msi Install 
[ 9-27-2022 16:10:48:251]- LOG(15D4): InstallSequencer() step = 4
[ 9-27-2022 16:10:48:251]- LOG(15D4): --- PreInstallStep ---
[ 9-27-2022 16:10:48:251]- LOG(15D4): IsDriverInstalled(List)
[ 9-27-2022 16:10:48:251]- LOG(15D4): IsDriverInstalled(HP LaserJet 1020)
[ 9-27-2022 16:10:48:251]- LOG(15D4): FindInstalledDrivers()
[ 9-27-2022 16:10:48:251]- LOG(15D4): PrinterDriver?  HP LaserJet 1020 ?= Microsoft XPS Document Writer v4
[ 9-27-2022 16:10:48:251]- LOG(15D4): PrinterDriver?  HP LaserJet 1020 ?= Microsoft Print To PDF
[ 9-27-2022 16:10:48:251]- LOG(15D4): PrinterDriver?  HP LaserJet 1020 ?= HP LaserJet 1022 Class Driver
[ 9-27-2022 16:10:48:251]- LOG(15D4): PrinterDriver?  HP LaserJet 1020 ?= AnyDesk v4 Printer Driver
[ 9-27-2022 16:10:48:251]- LOG(15D4): PrinterDriver?  HP LaserJet 1020 ?= Microsoft Shared Fax Driver
[ 9-27-2022 16:10:48:251]- LOG(15D4): PrinterDriver?  HP LaserJet 1020 ?= Microsoft enhanced Point and Print compatibility driver
[ 9-27-2022 16:10:48:251]- LOG(15D4): PrinterDriver?  HP LaserJet 1020 ?= doPDF 7 Printer Driver
[ 9-27-2022 16:10:48:251]- LOG(15D4): PrinterDriver?  HP LaserJet 1020 ?= Adobe PDF Converter
[ 9-27-2022 16:10:48:251]- LOG(15D4): IsDriverInstalled(HP LaserJet 1022)
[ 9-27-2022 16:10:48:251]- LOG(15D4): FindInstalledDrivers()
[ 9-27-2022 16:10:48:251]- LOG(15D4): PrinterDriver?  HP LaserJet 1022 ?= Microsoft XPS Document Writer v4
[ 9-27-2022 16:10:48:251]- LOG(15D4): PrinterDriver?  HP LaserJet 1022 ?= Microsoft Print To PDF
[ 9-27-2022 16:10:48:251]- LOG(15D4): PrinterDriver?  HP LaserJet 1022 ?= HP LaserJet 1022 Class Driver
[ 9-27-2022 16:10:48:251]- LOG(15D4): found driver
[ 9-27-2022 16:10:48:251]- LOG(15D4): PrinterDriver?  HP LaserJet 1022 ?= AnyDesk v4 Printer Driver
[ 9-27-2022 16:10:48:251]- LOG(15D4): PrinterDriver?  HP LaserJet 1022 ?= Microsoft Shared Fax Driver
[ 9-27-2022 16:10:48:251]- LOG(15D4): PrinterDriver?  HP LaserJet 1022 ?= Microsoft enhanced Point and Print compatibility driver
[ 9-27-2022 16:10:48:251]- LOG(15D4): PrinterDriver?  HP LaserJet 1022 ?= doPDF 7 Printer Driver
[ 9-27-2022 16:10:48:251]- LOG(15D4): PrinterDriver?  HP LaserJet 1022 ?= Adobe PDF Converter
[ 9-27-2022 16:10:48:251]- LOG(15D4):   Current printer verion file: C:\WINDOWS\system32\spool\DRIVERS\x64\3\SUHP1020.VER
[ 9-27-2022 16:10:48:251]- LOG(15D4):   Web bundle printer verion file: C:\Users\elang\AppData\Local\Temp\7zS020E\SUHP1020.VER
[ 9-27-2022 16:10:48:251]- LOG(15D4): ===>>> ERROR (gle=2, 0x2):  Msg: The system cannot find the file specified.
  Context: Could not open version file 'C:\WINDOWS\system32\spool\DRIVERS\x64\3\SUHP1020.VER'
[ 9-27-2022 16:10:48:251]- LOG(15D4): Web bundle 20120918 (2012.918.1.57980) is same or newer than current 
[ 9-27-2022 16:10:48:251]- LOG(15D4): FORCING A DRIVER UPDATE!
[ 9-27-2022 16:10:48:251]- LOG(15D4): Driver currently installed, forcing repair driver C:\Users\elang\AppData\Local\Temp\7zS020E\HPLJ1020.INF
[ 9-27-2022 16:10:48:251]- LOG(15D4): _PostProgressMessage hWnd=0x9054e msg=1125, param=13109
[ 9-27-2022 16:10:48:251]- LOG(15D4): RepairDriver()
[ 9-27-2022 16:10:48:251]- LOG(32C4): IDLCProgressDlg::OnCurrentProgressMsg()
[ 9-27-2022 16:10:48:251]- LOG(15D4): PreInstallDriverFiles()
[ 9-27-2022 16:10:48:251]- LOG(32C4):    msg=Adding Print Drivers ...
[ 9-27-2022 16:10:48:251]- LOG(15D4): _PreInstallDriverFiles()
[ 9-27-2022 16:10:48:251]- LOG(15D4):   inf:C:\Users\elang\AppData\Local\Temp\7zS020E\HPLJ1020.INF
[ 9-27-2022 16:10:49:616]- LOG(15D4):   DriverPackagePreinstall = 0, flags=0x15
[ 9-27-2022 16:10:49:616]- LOG(15D4): InstallDriver(..., flags=0x11)
[ 9-27-2022 16:10:49:616]- LOG(15D4):   inf:C:\Users\elang\AppData\Local\Temp\7zS020E\HPLJ1020.INF
[ 9-27-2022 16:10:49:616]- LOG(15D4): StopAService(Spooler)
[ 9-27-2022 16:10:49:616]- LOG(15D4): StartAService(Spooler)
[ 9-27-2022 16:10:51:872]- LOG(15D4):   DriverPackageInstall = 0, flags=0x11
[ 9-27-2022 16:10:51:872]- LOG(15D4): RepairDriver()
[ 9-27-2022 16:10:51:872]- LOG(15D4): PreInstallDriverFiles()
[ 9-27-2022 16:10:51:872]- LOG(15D4): _PreInstallDriverFiles()
[ 9-27-2022 16:10:51:872]- LOG(15D4):   inf:
[ 9-27-2022 16:10:51:872]- LOG(15D4):   DriverPackagePreinstall = 123, flags=0x15
[ 9-27-2022 16:10:51:872]- LOG(15D4): ===>>> ERROR (gle=123, 0x7b):  Msg: The filename, directory name, or volume label syntax is incorrect.
  Context: DriverPackagePreinstall failed
[ 9-27-2022 16:10:52:877]- LOG(15D4): _PreInstallDriverFiles()
[ 9-27-2022 16:10:52:877]- LOG(15D4):   inf:
[ 9-27-2022 16:10:52:877]- LOG(15D4):   DriverPackagePreinstall = 123, flags=0x15
[ 9-27-2022 16:10:52:877]- LOG(15D4): ===>>> ERROR (gle=123, 0x7b):  Msg: The filename, directory name, or volume label syntax is incorrect.
  Context: DriverPackagePreinstall failed
[ 9-27-2022 16:10:52:877]- LOG(15D4): Forced repair FAILED: 
[ 9-27-2022 16:10:52:877]- LOG(15D4): RepairDriver()
[ 9-27-2022 16:10:52:877]- LOG(15D4): PreInstallDriverFiles()
[ 9-27-2022 16:10:52:877]- LOG(15D4): _PreInstallDriverFiles()
[ 9-27-2022 16:10:52:877]- LOG(15D4):   inf:
[ 9-27-2022 16:10:52:877]- LOG(15D4):   DriverPackagePreinstall = 123, flags=0x15
[ 9-27-2022 16:10:52:877]- LOG(15D4): ===>>> ERROR (gle=123, 0x7b):  Msg: The filename, directory name, or volume label syntax is incorrect.
  Context: DriverPackagePreinstall failed
[ 9-27-2022 16:10:53:884]- LOG(15D4): _PreInstallDriverFiles()
[ 9-27-2022 16:10:53:884]- LOG(15D4):   inf:
[ 9-27-2022 16:10:53:884]- LOG(15D4):   DriverPackagePreinstall = 123, flags=0x15
[ 9-27-2022 16:10:53:884]- LOG(15D4): ===>>> ERROR (gle=123, 0x7b):  Msg: The filename, directory name, or volume label syntax is incorrect.
  Context: DriverPackagePreinstall failed
[ 9-27-2022 16:10:53:884]- LOG(15D4): Forced repair FAILED: 
[ 9-27-2022 16:10:53:884]- LOG(15D4): RepairDriver()
[ 9-27-2022 16:10:53:884]- LOG(15D4): PreInstallDriverFiles()
[ 9-27-2022 16:10:53:884]- LOG(15D4): _PreInstallDriverFiles()
[ 9-27-2022 16:10:53:884]- LOG(15D4):   inf:
[ 9-27-2022 16:10:53:884]- LOG(15D4):   DriverPackagePreinstall = 123, flags=0x15
[ 9-27-2022 16:10:53:884]- LOG(15D4): ===>>> ERROR (gle=123, 0x7b):  Msg: The filename, directory name, or volume label syntax is incorrect.
  Context: DriverPackagePreinstall failed
[ 9-27-2022 16:10:54:889]- LOG(15D4): _PreInstallDriverFiles()
[ 9-27-2022 16:10:54:889]- LOG(15D4):   inf:
[ 9-27-2022 16:10:54:889]- LOG(15D4):   DriverPackagePreinstall = 123, flags=0x15
[ 9-27-2022 16:10:54:889]- LOG(15D4): ===>>> ERROR (gle=123, 0x7b):  Msg: The filename, directory name, or volume label syntax is incorrect.
  Context: DriverPackagePreinstall failed
[ 9-27-2022 16:10:54:889]- LOG(15D4): Forced repair FAILED: 
[ 9-27-2022 16:10:54:889]- LOG(15D4): RepairDriver()
[ 9-27-2022 16:10:54:889]- LOG(15D4): PreInstallDriverFiles()
[ 9-27-2022 16:10:54:889]- LOG(15D4): _PreInstallDriverFiles()
[ 9-27-2022 16:10:54:889]- LOG(15D4):   inf:
[ 9-27-2022 16:10:54:889]- LOG(15D4):   DriverPackagePreinstall = 123, flags=0x15
[ 9-27-2022 16:10:54:889]- LOG(15D4): ===>>> ERROR (gle=123, 0x7b):  Msg: The filename, directory name, or volume label syntax is incorrect.
  Context: DriverPackagePreinstall failed
[ 9-27-2022 16:10:55:895]- LOG(15D4): _PreInstallDriverFiles()
[ 9-27-2022 16:10:55:895]- LOG(15D4):   inf:
[ 9-27-2022 16:10:55:895]- LOG(15D4):   DriverPackagePreinstall = 123, flags=0x15
[ 9-27-2022 16:10:55:895]- LOG(15D4): ===>>> ERROR (gle=123, 0x7b):  Msg: The filename, directory name, or volume label syntax is incorrect.
  Context: DriverPackagePreinstall failed
[ 9-27-2022 16:10:55:895]- LOG(15D4): Forced repair FAILED: 
[ 9-27-2022 16:10:55:895]- LOG(15D4): InstallSequencer() step = 7
[ 9-27-2022 16:10:55:895]- LOG(15D4): TerminateProgressThrd(0x23b9510)
[ 9-27-2022 16:10:55:895]- LOG(15D4): _PostProgressMessage hWnd=0x9054e msg=1124, param=0
[ 9-27-2022 16:10:55:895]- LOG(32C4): IDLCProgressDlg::OnTerminate()
[ 9-27-2022 16:10:56:413]- LOG(15D4): --- FinishStep ---
[ 9-27-2022 16:10:56:413]- LOG(15D4): IDLCDialog::OnInitDialog() m_positionOnBottom=0, m_topmost=1, m_followPosition=0
[ 9-27-2022 16:10:56:429]- LOG(15D4): IDLCGenericTextDlg::OnInitDialog 
[ 9-27-2022 16:10:56:429]- LOG(15D4): Text is plain
[ 9-27-2022 16:10:59:604]- LOG(15D4):  -[ IDLCGenericTextDlg BUTTON 0 pressed ]-
